#
# A fatal error has been detected by the Java Runtime Environment:
#
#  EXCEPTION_ACCESS_VIOLATION (0xc0000005) at pc=0x00007ffa277067f0, pid=7472, tid=0x0000000000002a48
#
# JRE version: Java(TM) SE Runtime Environment (8.0_281-b09) (build 1.8.0_281-b09)
# Java VM: Java HotSpot(TM) 64-Bit Server VM (25.281-b09 mixed mode windows-amd64 compressed oops)
# Problematic frame:
# C  [glass.dll+0x267f0]
#
# Failed to write core dump. Minidumps are not enabled by default on client versions of Windows
#
# If you would like to submit a bug report, please visit:
#   http://bugreport.java.com/bugreport/crash.jsp
#

---------------  T H R E A D  ---------------

Current thread (0x000002c0231ae000):  VMThread [stack: 0x000000f405400000,0x000000f405500000] [id=10824]

siginfo: ExceptionCode=0xc0000005, reading address 0x0000000000000000

Registers:
RAX=0x0000000000000000, RBX=0x000002c00d187578, RCX=0x000002c0231ae000, RDX=0x0000000071fb06a8
RSP=0x000000f4054ff390, RBP=0x000002c0256a0558, RSI=0x000002c0256a0530, RDI=0x00001ab8836b6dcd
R8 =0x0000000000010002, R9 =0x00001ab8836b6dcd, R10=0x0000000000008000, R11=0x000000f4054ff330
R12=0x00007ffa27703c74, R13=0x000002c00d182fa0, R14=0x000000f4054ff498, R15=0x000002c0256a0530
RIP=0x00007ffa277067f0, EFLAGS=0x0000000000010206

Top of Stack: (sp=0x000000f4054ff390)
0x000000f4054ff390:   0000000000000000 00007ffa2e74f05b
0x000000f4054ff3a0:   000002c0256a0540 000002c0256a0530
0x000000f4054ff3b0:   fffffffffffffffe 00007ffa27703c74
0x000000f4054ff3c0:   000002c0256a0538 00007ffa2e7542d6
0x000000f4054ff3d0:   000002c0256a0540 000002c000000000
0x000000f4054ff3e0:   000002c0256a0558 000002c0256a0530
0x000000f4054ff3f0:   fffffffffffffffe 0000000000000000
0x000000f4054ff400:   0000000000000001 00007ffa276e0000
0x000000f4054ff410:   000000f4054ff488 00007ffa2e7541fb
0x000000f4054ff420:   0000000000000000 000000f4054ff498
0x000000f4054ff430:   000000f4054ff750 00007ffa2e830e40
0x000000f4054ff440:   0000000000000000 00007ffa2e7541b4
0x000000f4054ff450:   0000000000000000 0000000000000001
0x000000f4054ff460:   00007ffa2eaca000 000000f4054ff488
0x000000f4054ff470:   0000000000000000 00007ffa27703b02
0x000000f4054ff480:   00007ffa2771d118 00007ffa00000002 

Instructions: (pc=0x00007ffa277067f0)
0x00007ffa277067d0:   40 53 48 83 ec 30 48 c7 44 24 20 fe ff ff ff 48
0x00007ffa277067e0:   8b 1d 2a 63 01 00 48 85 db 74 16 e8 10 86 ff ff
0x00007ffa277067f0:   4c 8b 00 48 8b d3 48 8b c8 41 ff 90 b0 00 00 00
0x00007ffa27706800:   90 48 83 c4 30 5b c3 cc cc cc cc cc cc cc cc cc 


Register to memory mapping:

RAX=0x0000000000000000 is an unknown value
RBX=0x000002c00d187578 is a global jni handle
RCX=0x000002c0231ae000 is an unknown value
RDX=0x0000000071fb06a8 is an unknown value
RSP=0x000000f4054ff390 is an unknown value
RBP=0x000002c0256a0558 is an unknown value
RSI=0x000002c0256a0530 is an unknown value
RDI=0x00001ab8836b6dcd is an unknown value
R8 =0x0000000000010002 is an unknown value
R9 =0x00001ab8836b6dcd is an unknown value
R10=0x0000000000008000 is an unknown value
R11=0x000000f4054ff330 is an unknown value
R12=0x00007ffa27703c74 is an unknown value
R13=0x000002c00d182fa0 is an unknown value
R14=0x000000f4054ff498 is an unknown value
R15=0x000002c0256a0530 is an unknown value


Stack: [0x000000f405400000,0x000000f405500000],  sp=0x000000f4054ff390,  free space=1020k
Native frames: (J=compiled Java code, j=interpreted, Vv=VM code, C=native code)
C  [glass.dll+0x267f0]
C  [ucrtbase.dll+0x142d6]
C  [ucrtbase.dll+0x141fb]
C  [ucrtbase.dll+0x141b4]
C  [glass.dll+0x23b02]
C  [glass.dll+0x23c28]
C  [ntdll.dll+0x19a1d]
C  [ntdll.dll+0x5db91]
C  [ntdll.dll+0x5da2d]
C  [KERNEL32.DLL+0x1e0ab]
C  [ucrtbase.dll+0x205bc]
C  [ucrtbase.dll+0x2045f]
V  [jvm.dll+0x20a255]
V  [jvm.dll+0x244ee6]
V  [jvm.dll+0x245447]
V  [jvm.dll+0x243bb5]
V  [jvm.dll+0x24432c]
V  [jvm.dll+0x24463c]
V  [jvm.dll+0x291cbc]
C  [ucrtbase.dll+0x21bb2]
C  [KERNEL32.DLL+0x17034]
C  [ntdll.dll+0x52651]

VM_Operation (0x000000f4048ff2f0): Exit, mode: safepoint, requested by thread 0x000002c023e01000


---------------  P R O C E S S  ---------------

Java Threads: ( => current thread )
  0x000002c023e01000 JavaThread "SIGINT handler" daemon [_thread_blocked, id=11856, stack(0x000000f404800000,0x000000f404900000)]
  0x000002c02aa4d800 JavaThread "Prism Font Disposer" daemon [_thread_blocked, id=7408, stack(0x000000f406a00000,0x000000f406b00000)]
  0x000002c025901000 JavaThread "Thread-3" daemon [_thread_in_native, id=14568, stack(0x000000f406900000,0x000000f406a00000)]
  0x000002c025754800 JavaThread "JavaFX Application Thread" [_thread_blocked, id=8504, stack(0x000000f406500000,0x000000f406600000)]
  0x000002c025703000 JavaThread "Thread-2" daemon [_thread_blocked, id=17624, stack(0x000000f406400000,0x000000f406500000)]
  0x000002c02568b800 JavaThread "QuantumRenderer-0" daemon [_thread_blocked, id=18108, stack(0x000000f406300000,0x000000f406400000)]
  0x000002c02556e800 JavaThread "JavaFX-Launcher" [_thread_blocked, id=9372, stack(0x000000f406200000,0x000000f406300000)]
  0x000002c02522c800 JavaThread "Service Thread" daemon [_thread_blocked, id=18380, stack(0x000000f406000000,0x000000f406100000)]
  0x000002c023e55800 JavaThread "C1 CompilerThread3" daemon [_thread_blocked, id=9172, stack(0x000000f405f00000,0x000000f406000000)]
  0x000002c023e53000 JavaThread "C2 CompilerThread2" daemon [_thread_blocked, id=1728, stack(0x000000f405e00000,0x000000f405f00000)]
  0x000002c023e50000 JavaThread "C2 CompilerThread1" daemon [_thread_blocked, id=10444, stack(0x000000f405d00000,0x000000f405e00000)]
  0x000002c023e4d800 JavaThread "C2 CompilerThread0" daemon [_thread_blocked, id=11044, stack(0x000000f405c00000,0x000000f405d00000)]
  0x000002c023df2000 JavaThread "JDWP Event Helper Thread" daemon [_thread_blocked, id=836, stack(0x000000f405a00000,0x000000f405b00000)]
  0x000002c023dd1800 JavaThread "Attach Listener" daemon [_thread_blocked, id=14620, stack(0x000000f405800000,0x000000f405900000)]
  0x000002c023dd6800 JavaThread "Signal Dispatcher" daemon [_thread_blocked, id=7316, stack(0x000000f405700000,0x000000f405800000)]
  0x000002c023db1000 JavaThread "Finalizer" daemon [_thread_blocked, id=5324, stack(0x000000f405600000,0x000000f405700000)]
  0x000002c023da7800 JavaThread "Reference Handler" daemon [_thread_blocked, id=15632, stack(0x000000f405500000,0x000000f405600000)]
  0x000002c00d0d6800 JavaThread "main" [_thread_blocked, id=7596, stack(0x000000f404b00000,0x000000f404c00000)]

Other Threads:
=>0x000002c0231ae000 VMThread [stack: 0x000000f405400000,0x000000f405500000] [id=10824]

VM state:at safepoint (shutting down)

VM Mutex/Monitor currently owned by a thread:  ([mutex/lock_event])
[0x000002c00d0d5300] Threads_lock - owner thread: 0x000002c0231ae000

heap address: 0x0000000081e00000, size: 2018 MB, Compressed Oops mode: 32-bit
Narrow klass base: 0x0000000000000000, Narrow klass shift: 3
Compressed class space size: 1073741824 Address: 0x0000000100000000

Heap:
 PSYoungGen      total 138240K, used 20454K [0x00000000d5f80000, 0x00000000e6280000, 0x0000000100000000)
  eden space 133120K, 15% used [0x00000000d5f80000,0x00000000d7379920,0x00000000de180000)
  from space 5120K, 0% used [0x00000000de180000,0x00000000de180000,0x00000000de680000)
  to   space 12288K, 0% used [0x00000000e5680000,0x00000000e5680000,0x00000000e6280000)
 ParOldGen       total 75776K, used 15596K [0x0000000081e00000, 0x0000000086800000, 0x00000000d5f80000)
  object space 75776K, 20% used [0x0000000081e00000,0x0000000082d3b048,0x0000000086800000)
 Metaspace       used 35617K, capacity 36598K, committed 36696K, reserved 1081344K
  class space    used 4668K, capacity 4900K, committed 4992K, reserved 1048576K

Card table byte_map: [0x000002c01def0000,0x000002c01e2f0000] byte_map_base: 0x000002c01dae1000

Marking Bits: (ParMarkBitMap*) 0x00000000721a6ff0
 Begin Bits: [0x000002c01e5a0000, 0x000002c020528000)
 End Bits:   [0x000002c020528000, 0x000002c0224b0000)

Polling page: 0x000002c00d250000

CodeCache: size=245760Kb used=9473Kb max_used=9656Kb free=236286Kb
 bounds [0x000002c00eb30000, 0x000002c00f4e0000, 0x000002c01db30000]
 total_blobs=3786 nmethods=3056 adapters=650
 compilation: enabled

Compilation events (10 events):
Event: 265.496 Thread 0x000002c023e55800 3362       3       com.sun.javafx.css.StyleClassSet::getStyleClass (148 bytes)
Event: 265.498 Thread 0x000002c023e55800 nmethod 3362 0x000002c00edf4c10 code [0x000002c00edf4f40, 0x000002c00edf6a50]
Event: 265.498 Thread 0x000002c023e55800 3361       3       com.sun.javafx.css.SelectorPartitioning::match (700 bytes)
Event: 265.502 Thread 0x000002c023e55800 nmethod 3361 0x000002c00edf9c10 code [0x000002c00edfa140, 0x000002c00edfda60]
Event: 265.502 Thread 0x000002c023e55800 3364       3       jdk.internal.org.objectweb.asm.ClassWriter::toByteArray (1289 bytes)
Event: 265.508 Thread 0x000002c023e55800 nmethod 3364 0x000002c00f15c0d0 code [0x000002c00f15c8e0, 0x000002c00f1606c0]
Event: 265.508 Thread 0x000002c023e55800 3370  s!   3       com.sun.javafx.tk.Toolkit::getToolkit (225 bytes)
Event: 265.513 Thread 0x000002c023e4d800 3373       4       java.lang.ref.WeakReference::<init> (7 bytes)
Event: 265.514 Thread 0x000002c023e55800 nmethod 3370 0x000002c00ecf6ad0 code [0x000002c00ecf6f80, 0x000002c00ecf9d40]
Event: 265.514 Thread 0x000002c023e55800 3371       1       java.util.logging.LogManager::access$500 (5 bytes)

GC Heap History (10 events):
Event: 13.282 GC heap before
{Heap before GC invocations=3 (full 0):
 PSYoungGen      total 71680K, used 14670K [0x00000000d5f80000, 0x00000000daa80000, 0x0000000100000000)
  eden space 66560K, 14% used [0x00000000d5f80000,0x00000000d68d94f0,0x00000000da080000)
  from space 5120K, 99% used [0x00000000da580000,0x00000000daa7a640,0x00000000daa80000)
  to   space 5120K, 0% used [0x00000000da080000,0x00000000da080000,0x00000000da580000)
 ParOldGen       total 87552K, used 6508K [0x0000000081e00000, 0x0000000087380000, 0x00000000d5f80000)
  object space 87552K, 7% used [0x0000000081e00000,0x000000008245b1a0,0x0000000087380000)
 Metaspace       used 20407K, capacity 21134K, committed 21248K, reserved 1067008K
  class space    used 2765K, capacity 2960K, committed 3072K, reserved 1048576K
Event: 13.285 GC heap after
Heap after GC invocations=3 (full 0):
 PSYoungGen      total 71680K, used 5101K [0x00000000d5f80000, 0x00000000deb80000, 0x0000000100000000)
  eden space 66560K, 0% used [0x00000000d5f80000,0x00000000d5f80000,0x00000000da080000)
  from space 5120K, 99% used [0x00000000da080000,0x00000000da57b668,0x00000000da580000)
  to   space 5120K, 0% used [0x00000000de680000,0x00000000de680000,0x00000000deb80000)
 ParOldGen       total 87552K, used 6826K [0x0000000081e00000, 0x0000000087380000, 0x00000000d5f80000)
  object space 87552K, 7% used [0x0000000081e00000,0x00000000824aab00,0x0000000087380000)
 Metaspace       used 20407K, capacity 21134K, committed 21248K, reserved 1067008K
  class space    used 2765K, capacity 2960K, committed 3072K, reserved 1048576K
}
Event: 13.285 GC heap before
{Heap before GC invocations=4 (full 1):
 PSYoungGen      total 71680K, used 5101K [0x00000000d5f80000, 0x00000000deb80000, 0x0000000100000000)
  eden space 66560K, 0% used [0x00000000d5f80000,0x00000000d5f80000,0x00000000da080000)
  from space 5120K, 99% used [0x00000000da080000,0x00000000da57b668,0x00000000da580000)
  to   space 5120K, 0% used [0x00000000de680000,0x00000000de680000,0x00000000deb80000)
 ParOldGen       total 87552K, used 6826K [0x0000000081e00000, 0x0000000087380000, 0x00000000d5f80000)
  object space 87552K, 7% used [0x0000000081e00000,0x00000000824aab00,0x0000000087380000)
 Metaspace       used 20407K, capacity 21134K, committed 21248K, reserved 1067008K
  class space    used 2765K, capacity 2960K, committed 3072K, reserved 1048576K
Event: 13.307 GC heap after
Heap after GC invocations=4 (full 1):
 PSYoungGen      total 71680K, used 0K [0x00000000d5f80000, 0x00000000deb80000, 0x0000000100000000)
  eden space 66560K, 0% used [0x00000000d5f80000,0x00000000d5f80000,0x00000000da080000)
  from space 5120K, 0% used [0x00000000da080000,0x00000000da080000,0x00000000da580000)
  to   space 5120K, 0% used [0x00000000de680000,0x00000000de680000,0x00000000deb80000)
 ParOldGen       total 54272K, used 9438K [0x0000000081e00000, 0x0000000085300000, 0x00000000d5f80000)
  object space 54272K, 17% used [0x0000000081e00000,0x0000000082737a70,0x0000000085300000)
 Metaspace       used 20407K, capacity 21134K, committed 21248K, reserved 1067008K
  class space    used 2765K, capacity 2960K, committed 3072K, reserved 1048576K
}
Event: 14.069 GC heap before
{Heap before GC invocations=5 (full 1):
 PSYoungGen      total 71680K, used 66560K [0x00000000d5f80000, 0x00000000deb80000, 0x0000000100000000)
  eden space 66560K, 100% used [0x00000000d5f80000,0x00000000da080000,0x00000000da080000)
  from space 5120K, 0% used [0x00000000da080000,0x00000000da080000,0x00000000da580000)
  to   space 5120K, 0% used [0x00000000de680000,0x00000000de680000,0x00000000deb80000)
 ParOldGen       total 54272K, used 9458K [0x0000000081e00000, 0x0000000085300000, 0x00000000d5f80000)
  object space 54272K, 17% used [0x0000000081e00000,0x000000008273cad0,0x0000000085300000)
 Metaspace       used 29925K, capacity 30752K, committed 30848K, reserved 1075200K
  class space    used 3973K, capacity 4181K, committed 4224K, reserved 1048576K
Event: 14.089 GC heap after
Heap after GC invocations=5 (full 1):
 PSYoungGen      total 132096K, used 5095K [0x00000000d5f80000, 0x00000000deb80000, 0x0000000100000000)
  eden space 126976K, 0% used [0x00000000d5f80000,0x00000000d5f80000,0x00000000ddb80000)
  from space 5120K, 99% used [0x00000000de680000,0x00000000deb79fc8,0x00000000deb80000)
  to   space 5120K, 0% used [0x00000000de180000,0x00000000de180000,0x00000000de680000)
 ParOldGen       total 54272K, used 13671K [0x0000000081e00000, 0x0000000085300000, 0x00000000d5f80000)
  object space 54272K, 25% used [0x0000000081e00000,0x0000000082b59c20,0x0000000085300000)
 Metaspace       used 29925K, capacity 30752K, committed 30848K, reserved 1075200K
  class space    used 3973K, capacity 4181K, committed 4224K, reserved 1048576K
}
Event: 14.720 GC heap before
{Heap before GC invocations=6 (full 1):
 PSYoungGen      total 132096K, used 33428K [0x00000000d5f80000, 0x00000000deb80000, 0x0000000100000000)
  eden space 126976K, 22% used [0x00000000d5f80000,0x00000000d7b2b240,0x00000000ddb80000)
  from space 5120K, 99% used [0x00000000de680000,0x00000000deb79fc8,0x00000000deb80000)
  to   space 5120K, 0% used [0x00000000de180000,0x00000000de180000,0x00000000de680000)
 ParOldGen       total 54272K, used 13671K [0x0000000081e00000, 0x0000000085300000, 0x00000000d5f80000)
  object space 54272K, 25% used [0x0000000081e00000,0x0000000082b59c20,0x0000000085300000)
 Metaspace       used 34410K, capacity 35246K, committed 35416K, reserved 1079296K
  class space    used 4510K, capacity 4734K, committed 4736K, reserved 1048576K
Event: 14.724 GC heap after
Heap after GC invocations=6 (full 1):
 PSYoungGen      total 138240K, used 5112K [0x00000000d5f80000, 0x00000000e6280000, 0x0000000100000000)
  eden space 133120K, 0% used [0x00000000d5f80000,0x00000000d5f80000,0x00000000de180000)
  from space 5120K, 99% used [0x00000000de180000,0x00000000de67e160,0x00000000de680000)
  to   space 12288K, 0% used [0x00000000e5680000,0x00000000e5680000,0x00000000e6280000)
 ParOldGen       total 54272K, used 15018K [0x0000000081e00000, 0x0000000085300000, 0x00000000d5f80000)
  object space 54272K, 27% used [0x0000000081e00000,0x0000000082caa938,0x0000000085300000)
 Metaspace       used 34410K, capacity 35246K, committed 35416K, reserved 1079296K
  class space    used 4510K, capacity 4734K, committed 4736K, reserved 1048576K
}
Event: 14.724 GC heap before
{Heap before GC invocations=7 (full 2):
 PSYoungGen      total 138240K, used 5112K [0x00000000d5f80000, 0x00000000e6280000, 0x0000000100000000)
  eden space 133120K, 0% used [0x00000000d5f80000,0x00000000d5f80000,0x00000000de180000)
  from space 5120K, 99% used [0x00000000de180000,0x00000000de67e160,0x00000000de680000)
  to   space 12288K, 0% used [0x00000000e5680000,0x00000000e5680000,0x00000000e6280000)
 ParOldGen       total 54272K, used 15018K [0x0000000081e00000, 0x0000000085300000, 0x00000000d5f80000)
  object space 54272K, 27% used [0x0000000081e00000,0x0000000082caa938,0x0000000085300000)
 Metaspace       used 34410K, capacity 35246K, committed 35416K, reserved 1079296K
  class space    used 4510K, capacity 4734K, committed 4736K, reserved 1048576K
Event: 14.748 GC heap after
Heap after GC invocations=7 (full 2):
 PSYoungGen      total 138240K, used 0K [0x00000000d5f80000, 0x00000000e6280000, 0x0000000100000000)
  eden space 133120K, 0% used [0x00000000d5f80000,0x00000000d5f80000,0x00000000de180000)
  from space 5120K, 0% used [0x00000000de180000,0x00000000de180000,0x00000000de680000)
  to   space 12288K, 0% used [0x00000000e5680000,0x00000000e5680000,0x00000000e6280000)
 ParOldGen       total 75776K, used 15596K [0x0000000081e00000, 0x0000000086800000, 0x00000000d5f80000)
  object space 75776K, 20% used [0x0000000081e00000,0x0000000082d3b048,0x0000000086800000)
 Metaspace       used 34410K, capacity 35246K, committed 35416K, reserved 1079296K
  class space    used 4510K, capacity 4734K, committed 4736K, reserved 1048576K
}

Deoptimization events (10 events):
Event: 14.233 Thread 0x000002c025754800 Uncommon trap: reason=predicate action=maybe_recompile pc=0x000002c00efde904 method=sun.net.www.ParseUtil.encodePath(Ljava/lang/String;Z)Ljava/lang/String; @ 36
Event: 14.266 Thread 0x000002c025754800 Uncommon trap: reason=unstable_if action=reinterpret pc=0x000002c00f34eb7c method=java.lang.Integer.parseInt(Ljava/lang/String;I)I @ 122
Event: 14.267 Thread 0x000002c025754800 Uncommon trap: reason=unstable_if action=reinterpret pc=0x000002c00ecea5d0 method=java.lang.CharacterDataLatin1.digit(II)I @ 60
Event: 14.313 Thread 0x000002c025754800 Uncommon trap: reason=unstable_if action=reinterpret pc=0x000002c00ec408c8 method=java.util.regex.Matcher.reset()Ljava/util/regex/Matcher; @ 47
Event: 14.319 Thread 0x000002c025754800 Uncommon trap: reason=class_check action=maybe_recompile pc=0x000002c00f378ce4 method=java.util.regex.Matcher.search(I)Z @ 86
Event: 14.570 Thread 0x000002c025754800 Uncommon trap: reason=bimorphic action=maybe_recompile pc=0x000002c00eedb3a0 method=java.util.Hashtable.get(Ljava/lang/Object;)Ljava/lang/Object; @ 6
Event: 14.570 Thread 0x000002c025754800 Uncommon trap: reason=bimorphic action=maybe_recompile pc=0x000002c00eedb3a0 method=java.util.Hashtable.get(Ljava/lang/Object;)Ljava/lang/Object; @ 6
Event: 14.570 Thread 0x000002c025754800 Uncommon trap: reason=bimorphic action=maybe_recompile pc=0x000002c00eedb3a0 method=java.util.Hashtable.get(Ljava/lang/Object;)Ljava/lang/Object; @ 6
Event: 14.570 Thread 0x000002c025754800 Uncommon trap: reason=bimorphic action=maybe_recompile pc=0x000002c00eedb3a0 method=java.util.Hashtable.get(Ljava/lang/Object;)Ljava/lang/Object; @ 6
Event: 14.668 Thread 0x000002c025754800 Uncommon trap: reason=unstable_if action=reinterpret pc=0x000002c00ed66b78 method=sun.nio.cs.UTF_8$Encoder.encode([CII[B)I @ 33

Classes redefined (0 events):
No events

Internal exceptions (10 events):
Event: 13.261 Thread 0x000002c025754800 Exception <a 'java/security/PrivilegedActionException'> (0x00000000d65bb860) thrown at [C:\jenkins\workspace\8-2-build-windows-amd64-cygwin\jdk8u281\880\hotspot\src\share\vm\prims\jvm.cpp, line 1512]
Event: 13.840 Thread 0x000002c025754800 Exception <a 'java/lang/NoClassDefFoundError': javax/validation/Validation> (0x00000000d97c6c08) thrown at [C:\jenkins\workspace\8-2-build-windows-amd64-cygwin\jdk8u281\880\hotspot\src\share\vm\classfile\systemDictionary.cpp, line 201]
Event: 14.841 Thread 0x000002c025754800 Exception <a 'java/security/PrivilegedActionException'> (0x00000000d61471c0) thrown at [C:\jenkins\workspace\8-2-build-windows-amd64-cygwin\jdk8u281\880\hotspot\src\share\vm\prims\jvm.cpp, line 1512]
Event: 14.841 Thread 0x000002c025754800 Exception <a 'java/security/PrivilegedActionException'> (0x00000000d6147988) thrown at [C:\jenkins\workspace\8-2-build-windows-amd64-cygwin\jdk8u281\880\hotspot\src\share\vm\prims\jvm.cpp, line 1512]
Event: 14.875 Thread 0x000002c025754800 Exception <a 'java/security/PrivilegedActionException'> (0x00000000d6380f10) thrown at [C:\jenkins\workspace\8-2-build-windows-amd64-cygwin\jdk8u281\880\hotspot\src\share\vm\prims\jvm.cpp, line 1512]
Event: 14.876 Thread 0x000002c025754800 Exception <a 'java/security/PrivilegedActionException'> (0x00000000d63816d8) thrown at [C:\jenkins\workspace\8-2-build-windows-amd64-cygwin\jdk8u281\880\hotspot\src\share\vm\prims\jvm.cpp, line 1512]
Event: 89.225 Thread 0x000002c025754800 Exception <a 'java/security/PrivilegedActionException'> (0x00000000d680e808) thrown at [C:\jenkins\workspace\8-2-build-windows-amd64-cygwin\jdk8u281\880\hotspot\src\share\vm\prims\jvm.cpp, line 1512]
Event: 89.225 Thread 0x000002c025754800 Exception <a 'java/security/PrivilegedActionException'> (0x00000000d680efd0) thrown at [C:\jenkins\workspace\8-2-build-windows-amd64-cygwin\jdk8u281\880\hotspot\src\share\vm\prims\jvm.cpp, line 1512]
Event: 95.723 Thread 0x000002c025754800 Exception <a 'java/lang/NullPointerException'> (0x00000000d69278f0) thrown at [C:\jenkins\workspace\8-2-build-windows-amd64-cygwin\jdk8u281\880\hotspot\src\share\vm\interpreter\linkResolver.cpp, line 1287]
Event: 265.513 Thread 0x000002c02566e000 Exception <a 'java/lang/IllegalStateException'> (0x00000000d6fd0250) thrown at [C:\jenkins\workspace\8-2-build-windows-amd64-cygwin\jdk8u281\880\hotspot\src\share\vm\prims\jvm.cpp, line 1516]

Events (10 events):
Event: 265.511 loading class com/sun/javafx/font/PrismFontFile done
Event: 265.511 loading class com/sun/javafx/tk/quantum/QuantumRenderer done
Event: 265.512 Thread 0x000002c025b82000 Thread exited: 0x000002c025b82000
Event: 265.512 Thread 0x000002c02568b800 DEOPT PACKING pc=0x000002c00f1a791c sp=0x000000f4063feef0
Event: 265.513 Thread 0x000002c02568b800 DEOPT UNPACKING pc=0x000002c00eb77898 sp=0x000000f4063fec48 mode 1
Event: 265.513 loading class com/sun/javafx/tk/quantum/QuantumToolkit
Event: 265.513 loading class com/sun/javafx/tk/quantum/QuantumToolkit done
Event: 265.513 Thread 0x000002c02566e000 Thread exited: 0x000002c02566e000
Event: 265.513 Thread 0x000002c0254fd000 Thread exited: 0x000002c0254fd000
Event: 265.514 Executing VM operation: Exit


Dynamic libraries:
0x00007ff6c2280000 - 0x00007ff6c22c7000 	C:\Program Files\Java\jdk1.8.0_281\bin\java.exe
0x00007ffa30f50000 - 0x00007ffa31145000 	C:\WINDOWS\SYSTEM32\ntdll.dll
0x00007ffa30890000 - 0x00007ffa3094d000 	C:\WINDOWS\System32\KERNEL32.DLL
0x00007ffa2eb00000 - 0x00007ffa2edc8000 	C:\WINDOWS\System32\KERNELBASE.dll
0x00007ffa30040000 - 0x00007ffa300ec000 	C:\WINDOWS\System32\ADVAPI32.dll
0x00007ffa30420000 - 0x00007ffa304be000 	C:\WINDOWS\System32\msvcrt.dll
0x00007ffa2ff40000 - 0x00007ffa2ffdb000 	C:\WINDOWS\System32\sechost.dll
0x00007ffa2efb0000 - 0x00007ffa2f0db000 	C:\WINDOWS\System32\RPCRT4.dll
0x00007ffa30c40000 - 0x00007ffa30de0000 	C:\WINDOWS\System32\USER32.dll
0x00007ffa2ef80000 - 0x00007ffa2efa2000 	C:\WINDOWS\System32\win32u.dll
0x00007ffa30ee0000 - 0x00007ffa30f0a000 	C:\WINDOWS\System32\GDI32.dll
0x00007ffa2e840000 - 0x00007ffa2e94b000 	C:\WINDOWS\System32\gdi32full.dll
0x00007ffa2e950000 - 0x00007ffa2e9ed000 	C:\WINDOWS\System32\msvcp_win.dll
0x00007ffa2e740000 - 0x00007ffa2e840000 	C:\WINDOWS\System32\ucrtbase.dll
0x00007ffa14480000 - 0x00007ffa1471a000 	C:\WINDOWS\WinSxS\amd64_microsoft.windows.common-controls_6595b64144ccf1df_6.0.19041.844_none_ca00b6081b84eb1d\COMCTL32.dll
0x00007ffa2fd50000 - 0x00007ffa2fd80000 	C:\WINDOWS\System32\IMM32.DLL
0x00007ffa290c0000 - 0x00007ffa290d5000 	C:\Program Files\Java\jdk1.8.0_281\jre\bin\vcruntime140.dll
0x00007ffa27c90000 - 0x00007ffa27d2b000 	C:\Program Files\Java\jdk1.8.0_281\jre\bin\msvcp140.dll
0x00000000719c0000 - 0x000000007221f000 	C:\Program Files\Java\jdk1.8.0_281\jre\bin\server\jvm.dll
0x00007ffa309b0000 - 0x00007ffa309b8000 	C:\WINDOWS\System32\PSAPI.DLL
0x00007ffa1d9e0000 - 0x00007ffa1da07000 	C:\WINDOWS\SYSTEM32\WINMM.dll
0x00007ffa16dd0000 - 0x00007ffa16dd9000 	C:\WINDOWS\SYSTEM32\WSOCK32.dll
0x00007ffa30820000 - 0x00007ffa3088b000 	C:\WINDOWS\System32\WS2_32.dll
0x00007ffa278c0000 - 0x00007ffa278ca000 	C:\WINDOWS\SYSTEM32\VERSION.dll
0x00007ffa2cf60000 - 0x00007ffa2cf72000 	C:\WINDOWS\SYSTEM32\kernel.appcore.dll
0x00007ffa29740000 - 0x00007ffa29750000 	C:\Program Files\Java\jdk1.8.0_281\jre\bin\verify.dll
0x00007ffa28f70000 - 0x00007ffa28f9b000 	C:\Program Files\Java\jdk1.8.0_281\jre\bin\java.dll
0x00007ffa27c50000 - 0x00007ffa27c86000 	C:\Program Files\Java\jdk1.8.0_281\jre\bin\jdwp.dll
0x00007ffa28250000 - 0x00007ffa28259000 	C:\Program Files\Java\jdk1.8.0_281\jre\bin\npt.dll
0x00007ffa27c20000 - 0x00007ffa27c50000 	C:\Program Files\Java\jdk1.8.0_281\jre\bin\instrument.dll
0x00007ffa290a0000 - 0x00007ffa290b8000 	C:\Program Files\Java\jdk1.8.0_281\jre\bin\zip.dll
0x00007ffa2f600000 - 0x00007ffa2fd42000 	C:\WINDOWS\System32\SHELL32.dll
0x00007ffa2c7a0000 - 0x00007ffa2cf30000 	C:\WINDOWS\SYSTEM32\windows.storage.dll
0x00007ffa304c0000 - 0x00007ffa30815000 	C:\WINDOWS\System32\combase.dll
0x00007ffa2e100000 - 0x00007ffa2e12c000 	C:\WINDOWS\SYSTEM32\Wldp.dll
0x00007ffa2f550000 - 0x00007ffa2f5fe000 	C:\WINDOWS\System32\SHCORE.dll
0x00007ffa30aa0000 - 0x00007ffa30af5000 	C:\WINDOWS\System32\shlwapi.dll
0x00007ffa2e5d0000 - 0x00007ffa2e5ef000 	C:\WINDOWS\SYSTEM32\profapi.dll
0x00007ffa27f70000 - 0x00007ffa27f7a000 	C:\Program Files\Java\jdk1.8.0_281\jre\bin\dt_socket.dll
0x00007ffa2de70000 - 0x00007ffa2deda000 	C:\WINDOWS\system32\mswsock.dll
0x000002c00d2c0000 - 0x000002c00d2c3000 	C:\Program Files\Java\jdk1.8.0_281\jre\bin\api-ms-win-core-console-l1-1-0.dll
0x000002c00d2d0000 - 0x000002c00d2d3000 	C:\Program Files\Java\jdk1.8.0_281\jre\bin\api-ms-win-core-console-l1-2-0.dll
0x000002c00d2e0000 - 0x000002c00d2e3000 	C:\Program Files\Java\jdk1.8.0_281\jre\bin\api-ms-win-core-datetime-l1-1-0.dll
0x000002c00d2f0000 - 0x000002c00d2f3000 	C:\Program Files\Java\jdk1.8.0_281\jre\bin\api-ms-win-core-debug-l1-1-0.dll
0x000002c00d300000 - 0x000002c00d303000 	C:\Program Files\Java\jdk1.8.0_281\jre\bin\api-ms-win-core-errorhandling-l1-1-0.dll
0x000002c00d310000 - 0x000002c00d314000 	C:\Program Files\Java\jdk1.8.0_281\jre\bin\api-ms-win-core-file-l1-1-0.dll
0x000002c00d320000 - 0x000002c00d323000 	C:\Program Files\Java\jdk1.8.0_281\jre\bin\api-ms-win-core-file-l1-2-0.dll
0x000002c00d330000 - 0x000002c00d333000 	C:\Program Files\Java\jdk1.8.0_281\jre\bin\api-ms-win-core-file-l2-1-0.dll
0x000002c00d340000 - 0x000002c00d343000 	C:\Program Files\Java\jdk1.8.0_281\jre\bin\api-ms-win-core-handle-l1-1-0.dll
0x000002c00d350000 - 0x000002c00d353000 	C:\Program Files\Java\jdk1.8.0_281\jre\bin\api-ms-win-core-heap-l1-1-0.dll
0x000002c00d360000 - 0x000002c00d363000 	C:\Program Files\Java\jdk1.8.0_281\jre\bin\api-ms-win-core-interlocked-l1-1-0.dll
0x000002c00d370000 - 0x000002c00d373000 	C:\Program Files\Java\jdk1.8.0_281\jre\bin\api-ms-win-core-libraryloader-l1-1-0.dll
0x000002c025d60000 - 0x000002c025d63000 	C:\Program Files\Java\jdk1.8.0_281\jre\bin\api-ms-win-core-localization-l1-2-0.dll
0x000002c025d70000 - 0x000002c025d73000 	C:\Program Files\Java\jdk1.8.0_281\jre\bin\api-ms-win-core-memory-l1-1-0.dll
0x000002c025d80000 - 0x000002c025d83000 	C:\Program Files\Java\jdk1.8.0_281\jre\bin\api-ms-win-core-namedpipe-l1-1-0.dll
0x000002c025d90000 - 0x000002c025d93000 	C:\Program Files\Java\jdk1.8.0_281\jre\bin\api-ms-win-core-processenvironment-l1-1-0.dll
0x000002c025da0000 - 0x000002c025da3000 	C:\Program Files\Java\jdk1.8.0_281\jre\bin\api-ms-win-core-processthreads-l1-1-0.dll
0x000002c025db0000 - 0x000002c025db3000 	C:\Program Files\Java\jdk1.8.0_281\jre\bin\api-ms-win-core-processthreads-l1-1-1.dll
0x000002c025dc0000 - 0x000002c025dc3000 	C:\Program Files\Java\jdk1.8.0_281\jre\bin\api-ms-win-core-profile-l1-1-0.dll
0x000002c025dd0000 - 0x000002c025dd3000 	C:\Program Files\Java\jdk1.8.0_281\jre\bin\api-ms-win-core-rtlsupport-l1-1-0.dll
0x000002c025de0000 - 0x000002c025de3000 	C:\Program Files\Java\jdk1.8.0_281\jre\bin\api-ms-win-core-string-l1-1-0.dll
0x000002c025df0000 - 0x000002c025df3000 	C:\Program Files\Java\jdk1.8.0_281\jre\bin\api-ms-win-core-synch-l1-1-0.dll
0x000002c025e00000 - 0x000002c025e03000 	C:\Program Files\Java\jdk1.8.0_281\jre\bin\api-ms-win-core-synch-l1-2-0.dll
0x000002c025e10000 - 0x000002c025e13000 	C:\Program Files\Java\jdk1.8.0_281\jre\bin\api-ms-win-core-sysinfo-l1-1-0.dll
0x000002c025e20000 - 0x000002c025e23000 	C:\Program Files\Java\jdk1.8.0_281\jre\bin\api-ms-win-core-timezone-l1-1-0.dll
0x000002c025e30000 - 0x000002c025e33000 	C:\Program Files\Java\jdk1.8.0_281\jre\bin\api-ms-win-core-util-l1-1-0.dll
0x000002c025e40000 - 0x000002c025e43000 	C:\Program Files\Java\jdk1.8.0_281\jre\bin\api-ms-win-crt-conio-l1-1-0.dll
0x000002c025e50000 - 0x000002c025e54000 	C:\Program Files\Java\jdk1.8.0_281\jre\bin\api-ms-win-crt-convert-l1-1-0.dll
0x000002c025e60000 - 0x000002c025e63000 	C:\Program Files\Java\jdk1.8.0_281\jre\bin\api-ms-win-crt-environment-l1-1-0.dll
0x000002c025e70000 - 0x000002c025e73000 	C:\Program Files\Java\jdk1.8.0_281\jre\bin\api-ms-win-crt-filesystem-l1-1-0.dll
0x000002c025e80000 - 0x000002c025e83000 	C:\Program Files\Java\jdk1.8.0_281\jre\bin\api-ms-win-crt-heap-l1-1-0.dll
0x000002c025e90000 - 0x000002c025e93000 	C:\Program Files\Java\jdk1.8.0_281\jre\bin\api-ms-win-crt-locale-l1-1-0.dll
0x000002c025ea0000 - 0x000002c025ea5000 	C:\Program Files\Java\jdk1.8.0_281\jre\bin\api-ms-win-crt-math-l1-1-0.dll
0x000002c025eb0000 - 0x000002c025eb5000 	C:\Program Files\Java\jdk1.8.0_281\jre\bin\api-ms-win-crt-multibyte-l1-1-0.dll
0x000002c025ec0000 - 0x000002c025ed0000 	C:\Program Files\Java\jdk1.8.0_281\jre\bin\api-ms-win-crt-private-l1-1-0.dll
0x000002c025ed0000 - 0x000002c025ed3000 	C:\Program Files\Java\jdk1.8.0_281\jre\bin\api-ms-win-crt-process-l1-1-0.dll
0x000002c025ee0000 - 0x000002c025ee4000 	C:\Program Files\Java\jdk1.8.0_281\jre\bin\api-ms-win-crt-runtime-l1-1-0.dll
0x000002c025ef0000 - 0x000002c025ef4000 	C:\Program Files\Java\jdk1.8.0_281\jre\bin\api-ms-win-crt-stdio-l1-1-0.dll
0x000002c025f00000 - 0x000002c025f04000 	C:\Program Files\Java\jdk1.8.0_281\jre\bin\api-ms-win-crt-string-l1-1-0.dll
0x000002c025f10000 - 0x000002c025f13000 	C:\Program Files\Java\jdk1.8.0_281\jre\bin\api-ms-win-crt-time-l1-1-0.dll
0x000002c025f20000 - 0x000002c025f23000 	C:\Program Files\Java\jdk1.8.0_281\jre\bin\api-ms-win-crt-utility-l1-1-0.dll
0x00007ffa27760000 - 0x00007ffa2785a000 	C:\Program Files\Java\jdk1.8.0_281\jre\bin\ucrtbase.dll
0x00007ffa160e0000 - 0x00007ffa160ec000 	C:\Windows\System32\vcruntime140_1.dll
0x00007ffa27730000 - 0x00007ffa27753000 	C:\Program Files\Java\jdk1.8.0_281\jre\bin\prism_d3d.dll
0x00007ffa28480000 - 0x00007ffa2864e000 	C:\WINDOWS\system32\d3d9.dll
0x00007ffa2bfb0000 - 0x00007ffa2bfdf000 	C:\WINDOWS\SYSTEM32\dwmapi.dll
0x00007ffa2bd40000 - 0x00007ffa2bdde000 	C:\WINDOWS\system32\uxtheme.dll
0x00007ffa30b00000 - 0x00007ffa30c2a000 	C:\WINDOWS\System32\ole32.dll
0x00007ffa302a0000 - 0x00007ffa3036d000 	C:\WINDOWS\System32\OLEAUT32.dll
0x00007ffa276e0000 - 0x00007ffa27725000 	C:\Program Files\Java\jdk1.8.0_281\jre\bin\glass.dll
0x00007ffa309c0000 - 0x00007ffa30a9a000 	C:\WINDOWS\System32\COMDLG32.dll
0x00007ffa30180000 - 0x00007ffa30295000 	C:\WINDOWS\System32\MSCTF.dll
0x00007ffa2ea50000 - 0x00007ffa2ead0000 	C:\WINDOWS\System32\bcryptPrimitives.dll
0x00007ffa238f0000 - 0x00007ffa2392b000 	C:\WINDOWS\SYSTEM32\dxcore.dll
0x00007ffa2ef30000 - 0x00007ffa2ef7e000 	C:\WINDOWS\System32\cfgmgr32.dll
0x00007ffa276c0000 - 0x00007ffa276d4000 	C:\Program Files\Java\jdk1.8.0_281\jre\bin\javafx_font.dll
0x00007ffa09b10000 - 0x00007ffa09d8f000 	C:\WINDOWS\SYSTEM32\dwrite.dll
0x00007ffa2e050000 - 0x00007ffa2e068000 	C:\WINDOWS\SYSTEM32\CRYPTSP.dll
0x00007ffa2d7a0000 - 0x00007ffa2d7d4000 	C:\WINDOWS\system32\rsaenh.dll
0x00007ffa2ead0000 - 0x00007ffa2eaf7000 	C:\WINDOWS\System32\bcrypt.dll
0x00007ffa2e590000 - 0x00007ffa2e5be000 	C:\WINDOWS\SYSTEM32\USERENV.dll
0x00007ffa2e040000 - 0x00007ffa2e04c000 	C:\WINDOWS\SYSTEM32\CRYPTBASE.dll
0x00007ffa27eb0000 - 0x00007ffa27ecc000 	C:\Program Files\Java\jdk1.8.0_281\jre\bin\net.dll
0x00007ffa2db10000 - 0x00007ffa2db4b000 	C:\WINDOWS\SYSTEM32\IPHLPAPI.DLL
0x00007ffa30c30000 - 0x00007ffa30c38000 	C:\WINDOWS\System32\NSI.dll
0x00007ffa25df0000 - 0x00007ffa25e07000 	C:\WINDOWS\SYSTEM32\dhcpcsvc6.DLL
0x00007ffa261f0000 - 0x00007ffa2620d000 	C:\WINDOWS\SYSTEM32\dhcpcsvc.DLL
0x00007ffa2db60000 - 0x00007ffa2dc2c000 	C:\WINDOWS\SYSTEM32\DNSAPI.dll
0x00007ffa27860000 - 0x00007ffa27873000 	C:\Program Files\Java\jdk1.8.0_281\jre\bin\nio.dll
0x00007ffa30370000 - 0x00007ffa30419000 	C:\WINDOWS\System32\clbcatq.dll
0x00007ffa266f0000 - 0x00007ffa268a4000 	C:\WINDOWS\SYSTEM32\WindowsCodecs.dll
0x00007ffa09720000 - 0x00007ffa0975e000 	C:\WINDOWS\system32\dataexchange.dll
0x00007ffa2a8d0000 - 0x00007ffa2ab34000 	C:\WINDOWS\system32\d3d11.dll
0x00007ffa2b100000 - 0x00007ffa2b2e5000 	C:\WINDOWS\system32\dcomp.dll
0x00007ffa2cfd0000 - 0x00007ffa2d0c4000 	C:\WINDOWS\system32\dxgi.dll
0x00007ffa26c20000 - 0x00007ffa26e21000 	C:\WINDOWS\system32\twinapi.appcore.dll
0x00007ffa27680000 - 0x00007ffa276b4000 	C:\Program Files\Common Files\Microsoft Shared\Ink\rtscom.dll
0x00007ffa1c8f0000 - 0x00007ffa1c9e9000 	C:\WINDOWS\SYSTEM32\textinputframework.dll
0x00007ffa2b2f0000 - 0x00007ffa2b64e000 	C:\WINDOWS\System32\CoreUIComponents.dll
0x00007ffa2b9d0000 - 0x00007ffa2bac2000 	C:\WINDOWS\System32\CoreMessaging.dll
0x00007ffa2d3d0000 - 0x00007ffa2d403000 	C:\WINDOWS\SYSTEM32\ntmarta.dll
0x00007ffa2a310000 - 0x00007ffa2a464000 	C:\WINDOWS\SYSTEM32\wintypes.dll
0x00007ffa275f0000 - 0x00007ffa27602000 	C:\Program Files\Java\jdk1.8.0_281\jre\bin\prism_common.dll
0x00007ffa2ab40000 - 0x00007ffa2b100000 	C:\WINDOWS\SYSTEM32\d2d1.dll
0x00007ffa23b60000 - 0x00007ffa24256000 	C:\WINDOWS\SYSTEM32\D3D10Warp.dll
0x00007ffa27240000 - 0x00007ffa27264000 	C:\Program Files\Java\jdk1.8.0_281\jre\bin\sunec.dll
0x00007ffa278d0000 - 0x00007ffa278da000 	C:\Windows\System32\rasadhlp.dll
0x00007ffa1f5d0000 - 0x00007ffa1f64f000 	C:\WINDOWS\System32\fwpuclnt.dll

VM Arguments:
jvm_args: -agentlib:jdwp=transport=dt_socket,address=127.0.0.1:62953,suspend=y,server=n -javaagent:C:\Users\gizem\AppData\Local\JetBrains\IdeaIC2021.1\captureAgent\debugger-agent.jar -Dfile.encoding=UTF-8 
java_command: com.intellij.rt.execution.CommandLineWrapper C:\Users\gizem\AppData\Local\Temp\idea_classpath1007363661 Main
java_class_path (initial): C:\Program Files\JetBrains\IntelliJ IDEA Community Edition 2021.1.1\lib\idea_rt.jar;C:\Users\gizem\AppData\Local\JetBrains\IdeaIC2021.1\captureAgent\debugger-agent.jar
Launcher Type: SUN_STANDARD

Environment Variables:
JAVA_HOME=C:\Program Files\Java\jdk1.8.0_281
PATH=C:\Program Files\Common Files\Oracle\Java\javapath;C:\Program Files (x86)\Common Files\Oracle\Java\javapath;C:\Windows\system32;C:\Windows;C:\Windows\System32\Wbem;C:\Windows\System32\WindowsPowerShell\v1.0\;C:\Windows\System32\OpenSSH\;C:\Program Files (x86)\NVIDIA Corporation\PhysX\Common;C:\Program Files\NVIDIA Corporation\NVIDIA NvDLISR;C:\WINDOWS\system32;C:\WINDOWS;C:\WINDOWS\System32\Wbem;C:\WINDOWS\System32\WindowsPowerShell\v1.0\;C:\WINDOWS\System32\OpenSSH\;C:\Users\gizem\AppData\Local\Microsoft\WindowsApps;C:\Users\gizem\AppData\Local\atom\bin
USERNAME=gizem
OS=Windows_NT
PROCESSOR_IDENTIFIER=Intel64 Family 6 Model 142 Stepping 12, GenuineIntel



---------------  S Y S T E M  ---------------

OS: Windows 10.0 , 64 bit Build 19041 (10.0.19041.928)

CPU:total 8 (initial active 8) (4 cores per cpu, 2 threads per core) family 6 model 142 stepping 12, cmov, cx8, fxsr, mmx, sse, sse2, sse3, ssse3, sse4.1, sse4.2, popcnt, avx, avx2, aes, clmul, erms, 3dnowpref, lzcnt, ht, tsc, tscinvbit, bmi1, bmi2, adx

Memory: 4k page, physical 8264948k(1687076k free), swap 16653556k(6264884k free)

vm_info: Java HotSpot(TM) 64-Bit Server VM (25.281-b09) for windows-amd64 JRE (1.8.0_281-b09), built on Dec  9 2020 13:54:07 by "" with MS VC++ 15.9 (VS2017)

time: Thu May 27 17:03:47 2021
timezone: Türkiye Standart Saati
elapsed time: 266.073754 seconds (0d 0h 4m 26s)

